2025-01-07 15:09:16,889 - storage - INFO - loading csv file to local_storage started ...
2025-01-07 15:09:16,889 - storage - INFO - Found: ['jaws', '1983', '4.0']
2025-01-07 15:09:16,890 - storage - INFO - Found: ['Inception', '2000', '8.9']
2025-01-07 15:09:16,890 - storage - INFO - Found: ['The One', '2002', '5.6']
2025-01-07 15:09:16,890 - storage - INFO - Database loaded into local
2025-01-07 15:09:16,890 - storage - INFO - ... loading file to local_storage finished
2025-01-07 15:09:16,890 - storage - INFO - Context Manager started
2025-01-07 15:09:16,890 - movie_app - INFO - New Instance of MovieApp started
2025-01-07 15:09:16,890 - utils - INFO - Printing options menu...
2025-01-07 15:09:16,890 - utils - INFO - ...finished printing options
2025-01-07 15:09:34,038 - movie_app - INFO - Option executed List movies
2025-01-07 15:09:34,040 - storage - INFO - Listing Movies started
2025-01-07 15:09:34,041 - utils - INFO - Printing movies...
2025-01-07 15:09:34,044 - utils - INFO - ...finished printing options
2025-01-07 15:09:34,045 - storage - INFO - ... Listing Movies finished
2025-01-07 15:09:34,045 - utils - INFO - Printing options menu...
2025-01-07 15:09:34,046 - utils - INFO - ...finished printing options
2025-01-07 15:09:44,339 - movie_app - INFO - Option executed Update Movie rating
2025-01-07 15:09:44,340 - storage - INFO - Starting update_movie
2025-01-07 15:09:44,341 - utils - INFO - starting check_movie_title ...
2025-01-07 15:09:46,595 - utils - INFO - Movie Title checked for validity jaws
2025-01-07 15:09:46,595 - utils - INFO - ... Title check finished
2025-01-07 15:09:46,596 - utils - INFO - starting movie_in_db check...
2025-01-07 15:09:46,596 - utils - INFO - Start check movie rating ...
2025-01-07 15:09:48,474 - utils - INFO - Rating checked for validity 8.0
2025-01-07 15:09:48,478 - utils - INFO - ... Rating check finished
2025-01-07 15:09:48,478 - storage - INFO - Film jaws : rating updated from 4.0 to 8.0
2025-01-07 15:09:48,478 - storage - INFO - Saving local storage to CSV file ...
2025-01-07 15:09:48,480 - storage - INFO - Movie DB saved to file: /Users/dda/PycharmProjects/MovieMadness/storage/movies.csv
2025-01-07 15:09:48,481 - storage - INFO - Local Storage before saving: {'jaws': {'date': 1983, 'rating': 8.0}, 'Inception': {'date': 2000, 'rating': 8.9}, 'The One': {'date': 2002, 'rating': 5.6}}
2025-01-07 15:09:48,481 - storage - INFO - Reloaded Storage after reading: {'jaws': {'date': 1983, 'rating': 8.0}, 'Inception': {'date': 2000, 'rating': 8.9}, 'The One': {'date': 2002, 'rating': 5.6}}
2025-01-07 15:09:48,481 - storage - INFO - Assertion checked: Remote is synced with Local
2025-01-07 15:09:48,481 - storage - INFO - ... saving local_storage to file finished
2025-01-07 15:09:48,481 - storage - INFO - ... Update Movie finished
2025-01-07 15:09:48,481 - utils - INFO - Printing options menu...
2025-01-07 15:09:48,481 - utils - INFO - ...finished printing options
2025-01-07 15:10:10,155 - movie_app - INFO - Option executed Exit MovieMadness
2025-01-07 15:10:10,156 - movie_app - INFO - Quit starting ...
2025-01-07 15:10:10,157 - movie_app - INFO - Program terminating...
2025-01-07 15:10:10,157 - movie_app - INFO - ... quit finished
2025-01-07 15:10:10,157 - storage - ERROR - Exception occurred:
Traceback (most recent call last):
  File "/Users/dda/PycharmProjects/MovieMadness/main.py", line 15, in main
    app.run()
  File "/Users/dda/PycharmProjects/MovieMadness/movie_app.py", line 83, in run
    func()
  File "/Users/dda/PycharmProjects/MovieMadness/movie_app.py", line 23, in <lambda>
    "FUNCTION": lambda: self.quit(),
                        ^^^^^^^^^^^
  File "/Users/dda/PycharmProjects/MovieMadness/movie_app.py", line 212, in quit
    sys.exit()
SystemExit
2025-01-07 15:10:10,160 - storage - INFO - Saving local storage to CSV file ...
2025-01-07 15:10:10,162 - storage - INFO - Movie DB saved to file: /Users/dda/PycharmProjects/MovieMadness/storage/movies.csv
2025-01-07 15:10:10,163 - storage - INFO - Local Storage before saving: {'jaws': {'date': 1983, 'rating': 8.0}, 'Inception': {'date': 2000, 'rating': 8.9}, 'The One': {'date': 2002, 'rating': 5.6}}
2025-01-07 15:10:10,164 - storage - INFO - Reloaded Storage after reading: {'jaws': {'date': 1983, 'rating': 8.0}, 'Inception': {'date': 2000, 'rating': 8.9}, 'The One': {'date': 2002, 'rating': 5.6}}
2025-01-07 15:10:10,164 - storage - INFO - Assertion checked: Remote is synced with Local
2025-01-07 15:10:10,164 - storage - INFO - ... saving local_storage to file finished
2025-01-07 15:10:10,164 - storage - INFO - Context Manager exited. DB saved to: /Users/dda/PycharmProjects/MovieMadness/storage/movies.csv
2025-01-07 15:22:30,013 - storage - INFO - loading csv file to local_storage started ...
2025-01-07 15:22:30,014 - storage - INFO - Found: ['jaws', '1983', '8.0']
2025-01-07 15:22:30,014 - storage - INFO - Found: ['Inception', '2000', '8.9']
2025-01-07 15:22:30,014 - storage - INFO - Found: ['The One', '2002', '5.6']
2025-01-07 15:22:30,014 - storage - INFO - Database loaded into local
2025-01-07 15:22:30,014 - storage - INFO - ... loading file to local_storage finished
2025-01-07 15:22:30,014 - storage - INFO - Context Manager started
2025-01-07 15:22:30,014 - movie_app - INFO - New Instance of MovieApp started
2025-01-07 15:22:30,014 - utils - INFO - Printing options menu...
2025-01-07 15:22:30,014 - utils - INFO - ...finished printing options
2025-01-07 15:22:32,472 - movie_app - INFO - Option executed List movies
2025-01-07 15:22:32,472 - storage - INFO - Listing Movies started
2025-01-07 15:22:32,472 - utils - INFO - Printing movies...
2025-01-07 15:22:32,473 - utils - INFO - ...finished printing options
2025-01-07 15:22:32,473 - storage - INFO - ... Listing Movies finished
2025-01-07 15:22:32,473 - utils - INFO - Printing options menu...
2025-01-07 15:22:32,473 - utils - INFO - ...finished printing options
2025-01-07 15:22:35,486 - movie_app - INFO - Option executed Update Movie rating
2025-01-07 15:22:35,487 - storage - INFO - Starting update_movie
2025-01-07 15:22:35,487 - utils - INFO - starting check_movie_title ...
2025-01-07 15:22:37,931 - utils - INFO - Movie Title checked for validity jaws
2025-01-07 15:22:37,932 - utils - INFO - ... Title check finished
2025-01-07 15:22:37,932 - utils - INFO - starting movie_in_db check...
2025-01-07 15:22:37,932 - utils - INFO - Start check movie rating ...
2025-01-07 15:22:39,647 - utils - INFO - Rating checked for validity 9.0
2025-01-07 15:22:39,648 - utils - INFO - ... Rating check finished
2025-01-07 15:22:39,648 - storage - INFO - Film jaws : rating updated from 8.0 to 9.0
2025-01-07 15:22:39,648 - storage - INFO - Saving local storage to CSV file ...
2025-01-07 15:22:39,650 - storage - INFO - Movie DB saved to file: /Users/dda/PycharmProjects/MovieMadness/storage/movies.csv
2025-01-07 15:22:39,651 - storage - INFO - Local Storage before saving: {'jaws': {'date': 1983, 'rating': 9.0}, 'Inception': {'date': 2000, 'rating': 8.9}, 'The One': {'date': 2002, 'rating': 5.6}}
2025-01-07 15:22:39,651 - storage - INFO - Reloaded Storage after reading: {'jaws': {'date': 1983, 'rating': 9.0}, 'Inception': {'date': 2000, 'rating': 8.9}, 'The One': {'date': 2002, 'rating': 5.6}}
2025-01-07 15:22:39,651 - storage - INFO - Assertion checked: Remote is synced with Local
2025-01-07 15:22:39,651 - storage - INFO - ... saving local_storage to file finished
2025-01-07 15:22:39,651 - storage - INFO - ... Update Movie finished
2025-01-07 15:22:39,651 - utils - INFO - Printing options menu...
2025-01-07 15:22:39,651 - utils - INFO - ...finished printing options
2025-01-07 15:24:02,282 - storage - ERROR - Exception occurred:
Traceback (most recent call last):
  File "/Users/dda/PycharmProjects/MovieMadness/main.py", line 15, in main
    app.run()
  File "/Users/dda/PycharmProjects/MovieMadness/movie_app.py", line 67, in run
    action = int(input("\n\nWhat do you want to do ?   "))
                 ^^^^^^^^^^^^^^^^^^^^^^^^^^^^^^^^^^^^^^^^
KeyboardInterrupt
2025-01-07 15:24:02,286 - storage - INFO - Saving local storage to CSV file ...
2025-01-07 15:24:02,286 - storage - INFO - Movie DB saved to file: /Users/dda/PycharmProjects/MovieMadness/storage/movies.csv
2025-01-07 15:24:02,286 - storage - INFO - Local Storage before saving: {'jaws': {'date': 1983, 'rating': 9.0}, 'Inception': {'date': 2000, 'rating': 8.9}, 'The One': {'date': 2002, 'rating': 5.6}}
2025-01-07 15:24:02,286 - storage - INFO - Reloaded Storage after reading: {'jaws': {'date': 1983, 'rating': 9.0}, 'Inception': {'date': 2000, 'rating': 8.9}, 'The One': {'date': 2002, 'rating': 5.6}}
2025-01-07 15:24:02,287 - storage - INFO - Assertion checked: Remote is synced with Local
2025-01-07 15:24:02,287 - storage - INFO - ... saving local_storage to file finished
2025-01-07 15:24:02,287 - storage - INFO - Context Manager exited. DB saved to: /Users/dda/PycharmProjects/MovieMadness/storage/movies.csv
2025-01-07 15:24:28,356 - storage - INFO - loading csv file to local_storage started ...
2025-01-07 15:24:28,356 - storage - INFO - Found: ['jaws', '1983', '9.0']
2025-01-07 15:24:28,356 - storage - INFO - Found: ['Inception', '2000', '8.9']
2025-01-07 15:24:28,356 - storage - INFO - Found: ['The One', '2002', '5.6']
2025-01-07 15:24:28,356 - storage - INFO - Database loaded into local
2025-01-07 15:24:28,356 - storage - INFO - ... loading file to local_storage finished
2025-01-07 15:24:28,356 - storage - INFO - Context Manager started
2025-01-07 15:24:28,357 - movie_app - INFO - New Instance of MovieApp started
2025-01-07 15:24:28,357 - utils - INFO - Printing options menu...
2025-01-07 15:24:28,357 - utils - INFO - ...finished printing options
2025-01-07 15:24:30,401 - movie_app - INFO - Option executed List movies
2025-01-07 15:24:30,401 - storage - INFO - Listing Movies started
2025-01-07 15:24:30,401 - utils - INFO - Printing movies...
2025-01-07 15:24:30,402 - utils - INFO - ...finished printing options
2025-01-07 15:24:30,402 - storage - INFO - ... Listing Movies finished
2025-01-07 15:24:30,402 - utils - INFO - Printing options menu...
2025-01-07 15:24:30,402 - utils - INFO - ...finished printing options
2025-01-07 15:24:34,979 - movie_app - INFO - Option executed Update Movie rating
2025-01-07 15:24:34,981 - storage - INFO - Starting update_movie
2025-01-07 15:24:34,981 - utils - INFO - starting check_movie_title ...
2025-01-07 15:24:36,666 - utils - INFO - Movie Title checked for validity jaws
2025-01-07 15:24:36,666 - utils - INFO - ... Title check finished
2025-01-07 15:24:36,666 - utils - INFO - starting movie_in_db check...
2025-01-07 15:24:36,666 - utils - INFO - Start check movie rating ...
2025-01-07 15:24:37,437 - utils - INFO - Rating checked for validity 5.0
2025-01-07 15:24:37,438 - utils - INFO - ... Rating check finished
2025-01-07 15:24:37,438 - storage - INFO - Film jaws : rating updated from 9.0 to 5.0
2025-01-07 15:24:37,438 - storage - INFO - Saving local storage to CSV file ...
2025-01-07 15:24:37,439 - storage - INFO - Movie DB saved to file: /Users/dda/PycharmProjects/MovieMadness/storage/movies.csv
2025-01-07 15:24:37,439 - storage - INFO - Local Storage before saving: {'jaws': {'date': 1983, 'rating': 5.0}, 'Inception': {'date': 2000, 'rating': 8.9}, 'The One': {'date': 2002, 'rating': 5.6}}
2025-01-07 15:24:37,439 - storage - INFO - Reloaded Storage after reading: {'jaws': {'date': 1983, 'rating': 5.0}, 'Inception': {'date': 2000, 'rating': 8.9}, 'The One': {'date': 2002, 'rating': 5.6}}
2025-01-07 15:24:37,440 - storage - INFO - Assertion checked: Remote is synced with Local
2025-01-07 15:24:37,440 - storage - INFO - ... saving local_storage to file finished
2025-01-07 15:24:37,440 - storage - INFO - ... Update Movie finished
2025-01-07 15:24:37,440 - utils - INFO - Printing options menu...
2025-01-07 15:24:37,440 - utils - INFO - ...finished printing options
2025-01-07 15:25:00,021 - storage - ERROR - Exception occurred:
Traceback (most recent call last):
  File "/Users/dda/PycharmProjects/MovieMadness/main.py", line 15, in main
    app.run()
  File "/Users/dda/PycharmProjects/MovieMadness/movie_app.py", line 67, in run
    action = int(input("\n\nWhat do you want to do ?   "))
                 ^^^^^^^^^^^^^^^^^^^^^^^^^^^^^^^^^^^^^^^^
KeyboardInterrupt
2025-01-07 15:25:00,023 - storage - INFO - Saving local storage to CSV file ...
2025-01-07 15:25:00,023 - storage - INFO - Movie DB saved to file: /Users/dda/PycharmProjects/MovieMadness/storage/movies.csv
2025-01-07 15:25:00,024 - storage - INFO - Local Storage before saving: {'jaws': {'date': 1983, 'rating': 5.0}, 'Inception': {'date': 2000, 'rating': 8.9}, 'The One': {'date': 2002, 'rating': 5.6}}
2025-01-07 15:25:00,024 - storage - INFO - Reloaded Storage after reading: {'jaws': {'date': 1983, 'rating': 5.0}, 'Inception': {'date': 2000, 'rating': 8.9}, 'The One': {'date': 2002, 'rating': 5.6}}
2025-01-07 15:25:00,024 - storage - INFO - Assertion checked: Remote is synced with Local
2025-01-07 15:25:00,024 - storage - INFO - ... saving local_storage to file finished
2025-01-07 15:25:00,024 - storage - INFO - Context Manager exited. DB saved to: /Users/dda/PycharmProjects/MovieMadness/storage/movies.csv
